[2020-01-29 17:38:18,636] multiqc                                            [DEBUG  ]  No MultiQC config found: /home/erick/anaconda3/lib/python3.7/site-packages/multiqc_config.yaml
[2020-01-29 17:38:18,636] multiqc                                            [DEBUG  ]  No MultiQC config found: /home/erick/.multiqc_config.yaml
[2020-01-29 17:38:18,636] multiqc                                            [DEBUG  ]  No MultiQC config found: multiqc_config.yaml
[2020-01-29 17:38:18,636] multiqc                                            [DEBUG  ]  Command used: /home/erick/anaconda3/bin/multiqc secuencias_reaper/reaper_fastqc_zip -o secuencias_reaper/reaper_fastqc_zip/
[2020-01-29 17:38:20,283] multiqc                                            [DEBUG  ]  Latest MultiQC version is v1.8
[2020-01-29 17:38:20,283] multiqc                                            [INFO   ]  This is MultiQC v1.8
[2020-01-29 17:38:20,283] multiqc                                            [DEBUG  ]  Command     : /home/erick/anaconda3/bin/multiqc secuencias_reaper/reaper_fastqc_zip -o secuencias_reaper/reaper_fastqc_zip/
[2020-01-29 17:38:20,284] multiqc                                            [DEBUG  ]  Working dir : /home/erick/Documentos/ProyectoCei
[2020-01-29 17:38:20,284] multiqc                                            [INFO   ]  Template    : default
[2020-01-29 17:38:20,284] multiqc                                            [DEBUG  ]  Running Python 3.7.3 (default, Mar 27 2019, 22:11:17)  [GCC 7.3.0]
[2020-01-29 17:38:20,284] multiqc                                            [INFO   ]  Searching   : /home/erick/Documentos/ProyectoCei/secuencias_reaper/reaper_fastqc_zip
[2020-01-29 17:38:20,285] multiqc                                            [DEBUG  ]  Analysing modules: custom_content, conpair, peddy, methylQA, phantompeakqualtools, qualimap, preseq, quast, qorts, rna_seqc, rsem, rseqc, busco, goleft_indexcov, disambiguate, supernova, deeptools, sargasso, verifybamid, mirtrace, happy, homer, macs2, theta2, snpeff, gatk, htseq, bcftools, featureCounts, fgbio, dedup, damageprofiler, biobambam2, mtnucratio, picard, prokka, samblaster, samtools, sexdeterrmine, bamtools, jellyfish, vcftools, longranger, stacks, bbmap, bismark, biscuit, hicexplorer, hicup, hicpro, salmon, kallisto, slamdunk, star, hisat2, tophat, bowtie2, bowtie1, kat, leehom, adapterRemoval, clipandmerge, cutadapt, flexbar, trimmomatic, skewer, sortmerna, biobloomtools, fastq_screen, afterqc, fastp, fastqc, minionqc, mosdepth, clusterflow, bcl2fastq, interop, flash, seqyclean
[2020-01-29 17:38:20,285] multiqc                                            [DEBUG  ]  Using temporary directory for creating report: /tmp/tmp3x1qplsx
[2020-01-29 17:38:22,081] multiqc.plots.bargraph                             [DEBUG  ]  Using matplotlib version 3.1.0
[2020-01-29 17:38:22,099] multiqc.plots.linegraph                            [DEBUG  ]  Using matplotlib version 3.1.0
[2020-01-29 17:38:22,113] multiqc                                            [DEBUG  ]  No samples found: custom_content
[2020-01-29 17:38:22,142] multiqc                                            [DEBUG  ]  No samples found: conpair
[2020-01-29 17:38:22,171] multiqc                                            [DEBUG  ]  No samples found: peddy
[2020-01-29 17:38:22,179] multiqc                                            [DEBUG  ]  No samples found: methylQA
[2020-01-29 17:38:22,217] multiqc                                            [DEBUG  ]  No samples found: phantompeakqualtools
[2020-01-29 17:38:22,249] multiqc                                            [DEBUG  ]  No samples found: qualimap
[2020-01-29 17:38:22,285] multiqc                                            [DEBUG  ]  No samples found: preseq
[2020-01-29 17:38:22,311] multiqc                                            [DEBUG  ]  No samples found: quast
[2020-01-29 17:38:22,363] multiqc                                            [DEBUG  ]  No samples found: qorts
[2020-01-29 17:38:22,395] multiqc                                            [DEBUG  ]  No samples found: rna_seqc
[2020-01-29 17:38:22,445] multiqc                                            [DEBUG  ]  No samples found: rsem
[2020-01-29 17:38:22,487] multiqc                                            [DEBUG  ]  No samples found: rseqc
[2020-01-29 17:38:22,530] multiqc                                            [DEBUG  ]  No samples found: busco
[2020-01-29 17:38:22,563] multiqc                                            [DEBUG  ]  No samples found: goleft_indexcov
[2020-01-29 17:38:22,572] multiqc                                            [DEBUG  ]  No samples found: disambiguate
[2020-01-29 17:38:22,598] multiqc                                            [DEBUG  ]  No samples found: supernova
[2020-01-29 17:38:22,645] multiqc                                            [DEBUG  ]  No samples found: deeptools
[2020-01-29 17:38:22,670] multiqc                                            [DEBUG  ]  No samples found: sargasso
[2020-01-29 17:38:22,695] multiqc                                            [DEBUG  ]  No samples found: verifybamid
[2020-01-29 17:38:22,725] multiqc                                            [DEBUG  ]  No samples found: mirtrace
[2020-01-29 17:38:22,760] multiqc                                            [DEBUG  ]  No samples found: happy
[2020-01-29 17:38:22,809] multiqc                                            [DEBUG  ]  No samples found: homer
[2020-01-29 17:38:22,831] multiqc                                            [DEBUG  ]  No samples found: macs2
[2020-01-29 17:38:22,870] multiqc                                            [DEBUG  ]  No samples found: theta2
[2020-01-29 17:38:22,892] multiqc                                            [DEBUG  ]  No samples found: snpeff
[2020-01-29 17:38:22,944] multiqc                                            [DEBUG  ]  No samples found: gatk
[2020-01-29 17:38:22,974] multiqc                                            [DEBUG  ]  No samples found: htseq
[2020-01-29 17:38:23,011] multiqc                                            [DEBUG  ]  No samples found: bcftools
[2020-01-29 17:38:23,032] multiqc                                            [DEBUG  ]  No samples found: featureCounts
[2020-01-29 17:38:23,057] multiqc                                            [DEBUG  ]  No samples found: fgbio
[2020-01-29 17:38:23,093] multiqc                                            [DEBUG  ]  No samples found: dedup
[2020-01-29 17:38:23,132] multiqc                                            [DEBUG  ]  No samples found: damageprofiler
[2020-01-29 17:38:23,216] multiqc                                            [DEBUG  ]  No samples found: biobambam2
[2020-01-29 17:38:23,249] multiqc                                            [DEBUG  ]  No samples found: mtnucratio
[2020-01-29 17:38:23,257] multiqc                                            [DEBUG  ]  No samples found: picard
[2020-01-29 17:38:23,317] multiqc                                            [DEBUG  ]  No samples found: prokka
[2020-01-29 17:38:23,374] multiqc                                            [DEBUG  ]  No samples found: samblaster
[2020-01-29 17:38:23,423] multiqc                                            [DEBUG  ]  No samples found: samtools
[2020-01-29 17:38:23,456] multiqc                                            [DEBUG  ]  No samples found: sexdeterrmine
[2020-01-29 17:38:23,495] multiqc                                            [DEBUG  ]  No samples found: bamtools
[2020-01-29 17:38:23,524] multiqc                                            [DEBUG  ]  No samples found: jellyfish
[2020-01-29 17:38:23,578] multiqc                                            [DEBUG  ]  No samples found: vcftools
[2020-01-29 17:38:23,616] multiqc                                            [DEBUG  ]  No samples found: longranger
[2020-01-29 17:38:23,784] multiqc                                            [DEBUG  ]  No samples found: stacks
[2020-01-29 17:38:23,858] multiqc                                            [DEBUG  ]  No samples found: bbmap
[2020-01-29 17:38:23,878] multiqc                                            [DEBUG  ]  No samples found: bismark
[2020-01-29 17:38:23,900] multiqc                                            [DEBUG  ]  No samples found: biscuit
[2020-01-29 17:38:23,913] multiqc                                            [DEBUG  ]  No samples found: hicexplorer
[2020-01-29 17:38:23,942] multiqc                                            [DEBUG  ]  No samples found: hicup
[2020-01-29 17:38:23,982] multiqc                                            [DEBUG  ]  No samples found: hicpro
[2020-01-29 17:38:24,009] multiqc                                            [DEBUG  ]  No samples found: salmon
[2020-01-29 17:38:24,046] multiqc                                            [DEBUG  ]  No samples found: kallisto
[2020-01-29 17:38:24,072] multiqc                                            [DEBUG  ]  No samples found: slamdunk
[2020-01-29 17:38:24,098] multiqc                                            [DEBUG  ]  No samples found: star
[2020-01-29 17:38:24,108] multiqc                                            [DEBUG  ]  No samples found: hisat2
[2020-01-29 17:38:24,137] multiqc                                            [DEBUG  ]  No samples found: tophat
[2020-01-29 17:38:24,162] multiqc                                            [DEBUG  ]  No samples found: bowtie2
[2020-01-29 17:38:24,186] multiqc                                            [DEBUG  ]  No samples found: bowtie1
[2020-01-29 17:38:24,218] multiqc                                            [DEBUG  ]  No samples found: kat
[2020-01-29 17:38:24,252] multiqc                                            [DEBUG  ]  No samples found: leehom
[2020-01-29 17:38:24,286] multiqc                                            [DEBUG  ]  No samples found: adapterRemoval
[2020-01-29 17:38:24,313] multiqc                                            [DEBUG  ]  No samples found: clipandmerge
[2020-01-29 17:38:24,333] multiqc                                            [DEBUG  ]  No samples found: cutadapt
[2020-01-29 17:38:24,352] multiqc                                            [DEBUG  ]  No samples found: flexbar
[2020-01-29 17:38:24,383] multiqc                                            [DEBUG  ]  No samples found: trimmomatic
[2020-01-29 17:38:24,408] multiqc                                            [DEBUG  ]  No samples found: skewer
[2020-01-29 17:38:24,418] multiqc                                            [DEBUG  ]  No samples found: sortmerna
[2020-01-29 17:38:24,450] multiqc                                            [DEBUG  ]  No samples found: biobloomtools
[2020-01-29 17:38:24,473] multiqc                                            [DEBUG  ]  No samples found: fastq_screen
[2020-01-29 17:38:24,498] multiqc                                            [DEBUG  ]  No samples found: afterqc
[2020-01-29 17:38:24,537] multiqc                                            [DEBUG  ]  No samples found: fastp
[2020-01-29 17:38:24,709] multiqc.modules.fastqc.fastqc                      [INFO   ]  Found 7 reports
[2020-01-29 17:38:24,842] multiqc                                            [DEBUG  ]  No samples found: minionqc
[2020-01-29 17:38:24,872] multiqc                                            [DEBUG  ]  No samples found: mosdepth
[2020-01-29 17:38:24,889] multiqc                                            [DEBUG  ]  No samples found: clusterflow
[2020-01-29 17:38:24,904] multiqc                                            [DEBUG  ]  No samples found: bcl2fastq
[2020-01-29 17:38:24,925] multiqc                                            [DEBUG  ]  No samples found: interop
[2020-01-29 17:38:24,933] multiqc                                            [DEBUG  ]  No samples found: flash
[2020-01-29 17:38:24,954] multiqc                                            [DEBUG  ]  No samples found: seqyclean
[2020-01-29 17:38:24,969] multiqc                                            [INFO   ]  Compressing plot data
[2020-01-29 17:38:25,070] multiqc                                            [INFO   ]  Report      : secuencias_reaper/reaper_fastqc_zip/multiqc_report.html
[2020-01-29 17:38:25,070] multiqc                                            [INFO   ]  Data        : secuencias_reaper/reaper_fastqc_zip/multiqc_data
[2020-01-29 17:38:25,071] multiqc                                            [DEBUG  ]  Moving data file from '/tmp/tmp3x1qplsx/multiqc_data/multiqc_sources.txt' to 'secuencias_reaper/reaper_fastqc_zip/multiqc_data'
[2020-01-29 17:38:25,071] multiqc                                            [DEBUG  ]  Moving data file from '/tmp/tmp3x1qplsx/multiqc_data/multiqc_fastqc.txt' to 'secuencias_reaper/reaper_fastqc_zip/multiqc_data'
[2020-01-29 17:38:25,071] multiqc                                            [DEBUG  ]  Moving data file from '/tmp/tmp3x1qplsx/multiqc_data/multiqc_general_stats.txt' to 'secuencias_reaper/reaper_fastqc_zip/multiqc_data'
[2020-01-29 17:38:25,071] multiqc                                            [DEBUG  ]  Moving data file from '/tmp/tmp3x1qplsx/multiqc_data/multiqc_data.json' to 'secuencias_reaper/reaper_fastqc_zip/multiqc_data'
[2020-01-29 17:38:25,071] multiqc                                            [DEBUG  ]  Moving data file from '/tmp/tmp3x1qplsx/multiqc_data/multiqc_qualimap_bamqc_genome_results.txt' to 'secuencias_reaper/reaper_fastqc_zip/multiqc_data'
[2020-01-29 17:38:25,299] multiqc                                            [INFO   ]  MultiQC complete
